01-Jun-2026 10:49:05.018 INFO [main] org.apache.catalina.startup.VersionLoggerListener.log Server version name:   Apache Tomcat/9.0.117
01-Jun-2026 10:49:05.029 INFO [main] org.apache.catalina.startup.VersionLoggerListener.log Server built:          Mar 30 2026 18:21:16 UTC
01-Jun-2026 10:49:05.030 INFO [main] org.apache.catalina.startup.VersionLoggerListener.log Server version number: 9.0.117.0
01-Jun-2026 10:49:05.030 INFO [main] org.apache.catalina.startup.VersionLoggerListener.log OS Name:               Windows 11
01-Jun-2026 10:49:05.031 INFO [main] org.apache.catalina.startup.VersionLoggerListener.log OS Version:            10.0
01-Jun-2026 10:49:05.031 INFO [main] org.apache.catalina.startup.VersionLoggerListener.log Architecture:          amd64
01-Jun-2026 10:49:05.031 INFO [main] org.apache.catalina.startup.VersionLoggerListener.log Java Home:             C:\Program Files\Java\jdk-17
01-Jun-2026 10:49:05.031 INFO [main] org.apache.catalina.startup.VersionLoggerListener.log JVM Version:           17.0.12+8-LTS-286
01-Jun-2026 10:49:05.032 INFO [main] org.apache.catalina.startup.VersionLoggerListener.log JVM Vendor:            Oracle Corporation
01-Jun-2026 10:49:05.032 INFO [main] org.apache.catalina.startup.VersionLoggerListener.log CATALINA_BASE:         D:\Hoc\jav101-lab4-taingth03225
01-Jun-2026 10:49:05.032 INFO [main] org.apache.catalina.startup.VersionLoggerListener.log CATALINA_HOME:         D:\Hoc\apache-tomcat-9.0.117-windows-x64\apache-tomcat-9.0.117
01-Jun-2026 10:49:05.051 INFO [main] org.apache.catalina.startup.VersionLoggerListener.log Command line argument: --add-opens=java.base/java.lang=ALL-UNNAMED
01-Jun-2026 10:49:05.052 INFO [main] org.apache.catalina.startup.VersionLoggerListener.log Command line argument: --add-opens=java.base/java.io=ALL-UNNAMED
01-Jun-2026 10:49:05.052 INFO [main] org.apache.catalina.startup.VersionLoggerListener.log Command line argument: --add-opens=java.base/java.util=ALL-UNNAMED
01-Jun-2026 10:49:05.053 INFO [main] org.apache.catalina.startup.VersionLoggerListener.log Command line argument: --add-opens=java.base/java.util.concurrent=ALL-UNNAMED
01-Jun-2026 10:49:05.053 INFO [main] org.apache.catalina.startup.VersionLoggerListener.log Command line argument: --add-opens=java.rmi/sun.rmi.transport=ALL-UNNAMED
01-Jun-2026 10:49:05.053 INFO [main] org.apache.catalina.startup.VersionLoggerListener.log Command line argument: -Dcatalina.home=D:\Hoc\apache-tomcat-9.0.117-windows-x64\apache-tomcat-9.0.117
01-Jun-2026 10:49:05.053 INFO [main] org.apache.catalina.startup.VersionLoggerListener.log Command line argument: -Dcatalina.base=D:\Hoc\jav101-lab4-taingth03225
01-Jun-2026 10:49:05.054 INFO [main] org.apache.catalina.startup.VersionLoggerListener.log Command line argument: -Djava.io.tmpdir=D:\Hoc\jav101-lab4-taingth03225\temp
01-Jun-2026 10:49:05.054 INFO [main] org.apache.catalina.startup.VersionLoggerListener.log Command line argument: -Djava.util.logging.config.file=D:\Hoc\jav101-lab4-taingth03225\conf\logging.properties
01-Jun-2026 10:49:05.054 INFO [main] org.apache.catalina.startup.VersionLoggerListener.log Command line argument: -Djava.util.logging.manager=org.apache.juli.ClassLoaderLogManager
01-Jun-2026 10:49:05.054 INFO [main] org.apache.catalina.startup.VersionLoggerListener.log Command line argument: -javaagent:D:\Hoc\IntelliJ IDEA 2026.1.1\lib\idea_rt.jar=55987
01-Jun-2026 10:49:05.054 INFO [main] org.apache.catalina.startup.VersionLoggerListener.log Command line argument: -Dfile.encoding=UTF-8
01-Jun-2026 10:49:05.201 INFO [main] org.apache.catalina.core.AprLifecycleListener.lifecycleEvent Loaded Apache Tomcat Native library [1.3.7] using APR version [1.7.6].
01-Jun-2026 10:49:05.201 INFO [main] org.apache.catalina.core.AprLifecycleListener.lifecycleEvent APR capabilities: IPv6 [true], sendfile [true], accept filters [false], random [true], UDS [true].
01-Jun-2026 10:49:05.201 INFO [main] org.apache.catalina.core.AprLifecycleListener.lifecycleEvent APR/OpenSSL configuration: useAprConnector [false], useOpenSSL [true]
01-Jun-2026 10:49:05.213 INFO [main] org.apache.catalina.core.AprLifecycleListener.initializeSSL OpenSSL successfully initialized [OpenSSL 3.0.19 27 Jan 2026]
01-Jun-2026 10:49:05.684 INFO [main] org.apache.coyote.AbstractProtocol.init Initializing ProtocolHandler ["http-nio-8080"]
01-Jun-2026 10:49:05.724 INFO [main] org.apache.catalina.startup.Catalina.load Server initialization in [1035] milliseconds
01-Jun-2026 10:49:05.817 INFO [main] org.apache.catalina.core.StandardService.startInternal Starting service [Catalina]
01-Jun-2026 10:49:05.818 INFO [main] org.apache.catalina.core.StandardEngine.startInternal Starting Servlet engine: [Apache Tomcat/9.0.117]
01-Jun-2026 10:49:05.837 INFO [main] org.apache.catalina.startup.HostConfig.deployDescriptor Deploying deployment descriptor [D:\Hoc\jav101-lab4-taingth03225\conf\Catalina\localhost\Java_Web_Template.xml]
01-Jun-2026 10:49:07.163 INFO [main] org.apache.jasper.servlet.TldScanner.scanJars At least one JAR was scanned for TLDs yet contained no TLDs. Enable debug logging for this logger for a complete list of JARs that were scanned but no TLDs were found in them. Skipping unneeded JARs during scanning can improve startup time and JSP compilation time.
01-Jun-2026 10:49:07.355 INFO [main] org.apache.catalina.startup.HostConfig.deployDescriptor Deployment of deployment descriptor [D:\Hoc\jav101-lab4-taingth03225\conf\Catalina\localhost\Java_Web_Template.xml] has finished in [1,517] ms
01-Jun-2026 10:49:07.361 INFO [main] org.apache.coyote.AbstractProtocol.start Starting ProtocolHandler ["http-nio-8080"]
01-Jun-2026 10:49:07.456 INFO [main] org.apache.catalina.startup.Catalina.start Server startup in [1731] milliseconds
01-Jun-2026 10:50:17.271 INFO [Thread-1] org.apache.coyote.AbstractProtocol.pause Pausing ProtocolHandler ["http-nio-8080"]
01-Jun-2026 10:50:17.395 INFO [Thread-1] org.apache.catalina.core.StandardService.stopInternal Stopping service [Catalina]
01-Jun-2026 10:50:17.420 WARNING [Thread-1] org.apache.catalina.loader.WebappClassLoaderBase.clearReferencesJdbc The web application [Java_Web_Template] registered the JDBC driver [com.microsoft.sqlserver.jdbc.SQLServerDriver] but failed to unregister it when the web application was stopped. To prevent a memory leak, the JDBC Driver has been forcibly unregistered.
01-Jun-2026 10:50:17.432 INFO [Thread-1] org.apache.coyote.AbstractProtocol.stop Stopping ProtocolHandler ["http-nio-8080"]
01-Jun-2026 10:50:17.447 INFO [Thread-1] org.apache.coyote.AbstractProtocol.destroy Destroying ProtocolHandler ["http-nio-8080"]
